0 info it worked if it ends with ok
1 verbose cli [ '/usr/local/bin/node', '/usr/local/bin/npm', 'publish' ]
2 info using npm@3.10.8
3 info using node@v6.9.1
4 verbose publish [ '.' ]
5 silly cache add args [ '.', null ]
6 verbose cache add spec .
7 silly cache add parsed spec Result {
7 silly cache add   raw: '.',
7 silly cache add   scope: null,
7 silly cache add   escapedName: null,
7 silly cache add   name: null,
7 silly cache add   rawSpec: '.',
7 silly cache add   spec: '/Applications/MAMP/htdocs/modulo-operaciones-npm',
7 silly cache add   type: 'directory' }
8 verbose addLocalDirectory /Users/admin/.npm/modulo-operaciones-npm/1.0.0/package.tgz not in flight; packing
9 verbose correctMkdir /Users/admin/.npm correctMkdir not in flight; initializing
10 info lifecycle modulo-operaciones-npm@1.0.0~prepublish: modulo-operaciones-npm@1.0.0
11 silly lifecycle modulo-operaciones-npm@1.0.0~prepublish: no script for prepublish, continuing
12 verbose tar pack [ '/Users/admin/.npm/modulo-operaciones-npm/1.0.0/package.tgz',
12 verbose tar pack   '/Applications/MAMP/htdocs/modulo-operaciones-npm' ]
13 verbose tarball /Users/admin/.npm/modulo-operaciones-npm/1.0.0/package.tgz
14 verbose folder /Applications/MAMP/htdocs/modulo-operaciones-npm
15 verbose addLocalTarball adding from inside cache /Users/admin/.npm/modulo-operaciones-npm/1.0.0/package.tgz
16 verbose correctMkdir /Users/admin/.npm correctMkdir not in flight; initializing
17 silly cache afterAdd modulo-operaciones-npm@1.0.0
18 verbose afterAdd /Users/admin/.npm/modulo-operaciones-npm/1.0.0/package/package.json not in flight; writing
19 verbose correctMkdir /Users/admin/.npm correctMkdir not in flight; initializing
20 verbose afterAdd /Users/admin/.npm/modulo-operaciones-npm/1.0.0/package/package.json written
21 silly publish { name: 'modulo-operaciones-npm',
21 silly publish   version: '1.0.0',
21 silly publish   description: 'Modulo NPM de para las operaciones basicas',
21 silly publish   main: 'dist/src/operaciones.js',
21 silly publish   scripts: { build: 'babel src/operaciones.js -d dist' },
21 silly publish   repository:
21 silly publish    { type: 'git',
21 silly publish      url: 'https://github.com/aazapata992/modulo-operaciones/' },
21 silly publish   keywords: [ 'SM', 'operaciones', 'basicas' ],
21 silly publish   author: { name: 'Alirio Zapata' },
21 silly publish   license: 'MIT',
21 silly publish   devDependencies:
21 silly publish    { 'babel-cli': '^6.26.0',
21 silly publish      'babel-preset-env': '^1.6.1',
21 silly publish      chai: '^4.1.2',
21 silly publish      mocha: '^4.0.1' },
21 silly publish   readme: 'ERROR: No README data found!',
21 silly publish   _id: 'modulo-operaciones-npm@1.0.0',
21 silly publish   _shasum: '55e8bf2bff074bed9ba911dabc4feedb8ee85f7a',
21 silly publish   _from: '.' }
22 verbose getPublishConfig undefined
23 silly mapToRegistry name modulo-operaciones-npm
24 silly mapToRegistry using default registry
25 silly mapToRegistry registry https://registry.npmjs.org/
26 silly mapToRegistry data Result {
26 silly mapToRegistry   raw: 'modulo-operaciones-npm',
26 silly mapToRegistry   scope: null,
26 silly mapToRegistry   escapedName: 'modulo-operaciones-npm',
26 silly mapToRegistry   name: 'modulo-operaciones-npm',
26 silly mapToRegistry   rawSpec: '',
26 silly mapToRegistry   spec: 'latest',
26 silly mapToRegistry   type: 'tag' }
27 silly mapToRegistry uri https://registry.npmjs.org/modulo-operaciones-npm
28 verbose publish registryBase https://registry.npmjs.org/
29 silly publish uploading /Users/admin/.npm/modulo-operaciones-npm/1.0.0/package.tgz
30 verbose request uri https://registry.npmjs.org/modulo-operaciones-npm
31 verbose request sending authorization for write operation
32 info attempt registry request try #1 at 12:48:13 PM
33 verbose request using bearer token for auth
34 verbose request id 5c3935dae5d517f4
35 http request PUT https://registry.npmjs.org/modulo-operaciones-npm
36 http 403 https://registry.npmjs.org/modulo-operaciones-npm
37 verbose headers { 'content-type': 'application/json',
37 verbose headers   'cache-control': 'max-age=300',
37 verbose headers   'content-length': '104',
37 verbose headers   'accept-ranges': 'bytes',
37 verbose headers   date: 'Tue, 31 Oct 2017 17:48:14 GMT',
37 verbose headers   via: '1.1 varnish',
37 verbose headers   connection: 'keep-alive',
37 verbose headers   'x-served-by': 'cache-mia17621-MIA',
37 verbose headers   'x-cache': 'MISS',
37 verbose headers   'x-cache-hits': '0',
37 verbose headers   'x-timer': 'S1509472094.638149,VS0,VE709',
37 verbose headers   vary: 'Accept-Encoding, Accept' }
38 verbose request invalidating /Users/admin/.npm/registry.npmjs.org/modulo-operaciones-npm on PUT
39 error publish Failed PUT 403
40 verbose stack Error: you must verify your email before publishing a new package: https://www.npmjs.com/email-edit : modulo-operaciones-npm
40 verbose stack     at makeError (/usr/local/lib/node_modules/npm/node_modules/npm-registry-client/lib/request.js:302:12)
40 verbose stack     at CachingRegistryClient.<anonymous> (/usr/local/lib/node_modules/npm/node_modules/npm-registry-client/lib/request.js:290:14)
40 verbose stack     at Request._callback (/usr/local/lib/node_modules/npm/node_modules/npm-registry-client/lib/request.js:210:14)
40 verbose stack     at Request.self.callback (/usr/local/lib/node_modules/npm/node_modules/request/request.js:187:22)
40 verbose stack     at emitTwo (events.js:106:13)
40 verbose stack     at Request.emit (events.js:191:7)
40 verbose stack     at Request.<anonymous> (/usr/local/lib/node_modules/npm/node_modules/request/request.js:1044:10)
40 verbose stack     at emitOne (events.js:96:13)
40 verbose stack     at Request.emit (events.js:188:7)
40 verbose stack     at IncomingMessage.<anonymous> (/usr/local/lib/node_modules/npm/node_modules/request/request.js:965:12)
41 verbose statusCode 403
42 verbose pkgid modulo-operaciones-npm
43 verbose cwd /Applications/MAMP/htdocs/modulo-operaciones-npm
44 error Darwin 15.6.0
45 error argv "/usr/local/bin/node" "/usr/local/bin/npm" "publish"
46 error node v6.9.1
47 error npm  v3.10.8
48 error code E403
49 error you must verify your email before publishing a new package: https://www.npmjs.com/email-edit : modulo-operaciones-npm
50 error If you need help, you may report this error at:
50 error     <https://github.com/npm/npm/issues>
51 verbose exit [ 1, true ]
